<?xml version="1.0" encoding="UTF-8"?>
<!-- Generated by org.testng.reporters.JUnitReportReporter -->
<testsuite hostname="Kishore" failures="0" tests="1" name="batchexecution.TestClass2" time="0.023" errors="0" timestamp="2023-10-18T13:44:38 IST" skipped="0">
  <testcase classname="batchexecution.TestClass2" name="demo2" time="0.023"/>
  <system-out/>
</testsuite> <!-- batchexecution.TestClass2 -->
