<?xml version="1.0" encoding="UTF-8"?>
<!-- Generated by org.testng.reporters.JUnitReportReporter -->
<testsuite hostname="Kishore" failures="0" tests="1" name="testNG.SampleTest" time="0.024" errors="0" timestamp="2023-10-13T13:23:47 IST" skipped="0">
  <testcase classname="testNG.SampleTest" name="demo" time="0.024"/>
  <system-out/>
</testsuite> <!-- testNG.SampleTest -->
