<?xml version="1.0" encoding="UTF-8"?>
<!-- Generated by org.testng.reporters.JUnitReportReporter -->
<testsuite hostname="Kishore" failures="0" tests="2" name="distributedparallel.Test5" time="0.140" errors="0" timestamp="2023-10-31T13:57:13 IST" skipped="0">
  <testcase classname="distributedparallel.Test5" name="demo2" time="0.111"/>
  <system-out/>
  <testcase classname="distributedparallel.Test5" name="demo1" time="0.029"/>
  <system-out/>
</testsuite> <!-- distributedparallel.Test5 -->
