<?xml version="1.0" encoding="UTF-8"?>
<!-- Generated by org.testng.reporters.JUnitReportReporter -->
<testsuite hostname="Kishore" failures="0" tests="6" name="testNG.PrioritizingTests" time="0.140" errors="0" timestamp="2023-10-12T13:18:21 IST" skipped="0">
  <testcase classname="testNG.PrioritizingTests" name="demo4" time="0.105"/>
  <system-out/>
  <testcase classname="testNG.PrioritizingTests" name="demo5" time="0.004"/>
  <system-out/>
  <testcase classname="testNG.PrioritizingTests" name="demo6" time="0.001"/>
  <system-out/>
  <testcase classname="testNG.PrioritizingTests" name="demo1" time="0.002"/>
  <system-out/>
  <testcase classname="testNG.PrioritizingTests" name="demo3" time="0.002"/>
  <system-out/>
  <testcase classname="testNG.PrioritizingTests" name="demo2" time="0.026"/>
  <system-out/>
</testsuite> <!-- testNG.PrioritizingTests -->
