<?xml version="1.0" encoding="UTF-8"?>
<!-- Generated by org.testng.reporters.JUnitReportReporter -->
<testsuite hostname="Kishore" failures="0" tests="2" name="distributedparallel.Test1" time="0.055" errors="0" timestamp="2023-10-31T13:57:13 IST" skipped="0">
  <testcase classname="distributedparallel.Test1" name="demo2" time="0.012"/>
  <system-out/>
  <testcase classname="distributedparallel.Test1" name="demo1" time="0.043"/>
  <system-out/>
</testsuite> <!-- distributedparallel.Test1 -->
