<?xml version="1.0" encoding="UTF-8"?>
<!-- Generated by org.testng.reporters.JUnitReportReporter -->
<testsuite hostname="Kishore" failures="0" tests="2" name="testNG.DisableTests" time="0.017" errors="0" timestamp="2023-10-12T14:10:17 IST" skipped="1">
  <testcase classname="testNG.DisableTests" name="demo1" time="0.017"/>
  <system-out/>
  <testcase classname="testNG.DisableTests" name="demo2">
    <skipped/>
  </testcase> <!-- demo2 -->
  <system-out/>
</testsuite> <!-- testNG.DisableTests -->
