<?xml version="1.0" encoding="UTF-8"?>
<!-- Generated by org.testng.reporters.JUnitReportReporter -->
<testsuite hostname="Kishore" failures="0" tests="3" name="testNG.InvocationCountTest" time="0.031" errors="0" timestamp="2023-10-12T14:05:47 IST" skipped="0">
  <testcase classname="testNG.InvocationCountTest" name="demo2" time="0.021"/>
  <system-out/>
  <testcase classname="testNG.InvocationCountTest" name="demo1" time="0.005"/>
  <system-out/>
  <testcase classname="testNG.InvocationCountTest" name="demo1" time="0.005"/>
  <system-out/>
</testsuite> <!-- testNG.InvocationCountTest -->
