<?xml version="1.0" encoding="UTF-8"?>
<!-- Generated by org.testng.reporters.JUnitReportReporter -->
<testsuite hostname="Kishore" failures="0" tests="2" name="distributedparallel.Test2" time="0.071" errors="0" timestamp="2023-10-31T13:57:13 IST" skipped="0">
  <testcase classname="distributedparallel.Test2" name="demo2" time="0.001"/>
  <system-out/>
  <testcase classname="distributedparallel.Test2" name="demo1" time="0.070"/>
  <system-out/>
</testsuite> <!-- distributedparallel.Test2 -->
