<?xml version="1.0" encoding="UTF-8"?>
<!-- Generated by org.testng.reporters.JUnitReportReporter -->
<testsuite hostname="Kishore" failures="0" tests="4" name="distributedparallel.Test4" time="0.089" errors="0" timestamp="2023-10-31T13:57:13 IST" skipped="0">
  <testcase classname="distributedparallel.Test4" name="demo1" time="0.001"/>
  <system-out/>
  <testcase classname="distributedparallel.Test4" name="demo2" time="0.007"/>
  <system-out/>
  <testcase classname="distributedparallel.Test4" name="demo2" time="0.010"/>
  <system-out/>
  <testcase classname="distributedparallel.Test4" name="demo1" time="0.071"/>
  <system-out/>
</testsuite> <!-- distributedparallel.Test4 -->
