<?xml version="1.0" encoding="UTF-8"?>
<!-- Generated by org.testng.reporters.JUnitReportReporter -->
<testsuite hostname="Kishore" failures="0" tests="3" name="listeners.TestClass" time="0.036" errors="0" timestamp="2023-10-18T14:27:01 IST" skipped="0">
  <testcase classname="listeners.TestClass" name="suiteConfig" time="0.009"/>
  <system-out/>
  <testcase classname="listeners.TestClass" name="test1" time="0.009"/>
  <system-out/>
  <testcase classname="listeners.TestClass" name="test" time="0.018"/>
  <system-out/>
</testsuite> <!-- listeners.TestClass -->
