<?xml version="1.0" encoding="UTF-8"?>
<!-- Generated by org.testng.reporters.JUnitReportReporter -->
<testsuite hostname="Kishore" failures="0" tests="1" name="batchexecution.TestClass3" time="0.016" errors="0" timestamp="2023-10-18T13:31:55 IST" skipped="0">
  <testcase classname="batchexecution.TestClass3" name="demo1" time="0.016"/>
  <system-out/>
</testsuite> <!-- batchexecution.TestClass3 -->
