<?xml version="1.0" encoding="UTF-8"?>
<!-- Generated by org.testng.reporters.JUnitReportReporter -->
<testsuite hostname="Kishore" failures="0" tests="1" name="groupexecution.TestClass4" time="0.006" errors="0" timestamp="2023-10-14T13:54:34 IST" skipped="0">
  <testcase classname="groupexecution.TestClass4" name="demo2" time="0.006"/>
  <system-out/>
</testsuite> <!-- groupexecution.TestClass4 -->
