<?xml version="1.0" encoding="UTF-8"?>
<!-- Generated by org.testng.reporters.JUnitReportReporter -->
<testsuite hostname="Kishore" failures="0" tests="1" name="batchexecution.TestClass1" time="0.005" errors="0" timestamp="2023-10-18T13:31:55 IST" skipped="0">
  <testcase classname="batchexecution.TestClass1" name="demo1" time="0.005"/>
  <system-out/>
</testsuite> <!-- batchexecution.TestClass1 -->
