<?xml version="1.0" encoding="UTF-8"?>
<!-- Generated by org.testng.reporters.JUnitReportReporter -->
<testsuite hostname="Kishore" failures="0" tests="1" name="groupexecution.TestClass1" time="0.016" errors="0" timestamp="2023-10-14T14:01:02 IST" skipped="0">
  <testcase classname="groupexecution.TestClass1" name="demo1" time="0.016"/>
  <system-out/>
</testsuite> <!-- groupexecution.TestClass1 -->
