<?xml version="1.0" encoding="UTF-8"?>
<!-- Generated by org.testng.reporters.JUnitReportReporter -->
<testsuite hostname="Kishore" failures="0" tests="3" name="groupexecution.TestClass3" time="0.014" errors="0" timestamp="2023-10-14T14:01:03 IST" skipped="0">
  <testcase classname="groupexecution.TestClass3" name="demo1" time="0.008"/>
  <system-out/>
  <testcase classname="groupexecution.TestClass3" name="demo2" time="0.004"/>
  <system-out/>
  <testcase classname="groupexecution.TestClass3" name="demo3" time="0.002"/>
  <system-out/>
</testsuite> <!-- groupexecution.TestClass3 -->
