<?xml version="1.0" encoding="UTF-8"?>
<!-- Generated by org.testng.reporters.JUnitReportReporter -->
<testsuite hostname="Kishore" failures="0" tests="2" name="testNG.DependencyBetweenMethodsTest" time="21.878" errors="0" timestamp="2023-10-12T14:58:16 IST" skipped="0">
  <testcase classname="testNG.DependencyBetweenMethodsTest" name="navigateToApp" time="11.979"/>
  <system-out/>
  <testcase classname="testNG.DependencyBetweenMethodsTest" name="loginToApp" time="9.899"/>
  <system-out/>
</testsuite> <!-- testNG.DependencyBetweenMethodsTest -->
