<?xml version="1.0" encoding="UTF-8"?>
<!-- Generated by org.testng.reporters.JUnitReportReporter -->
<testsuite hostname="Kishore" failures="0" tests="3" name="DataProviders.DataProvidersPractice" time="0.033" errors="0" timestamp="2023-10-20T13:02:14 IST" skipped="0">
  <testcase classname="DataProviders.DataProvidersPractice" name="bookTickeTest" time="0.003"/>
  <system-out/>
  <testcase classname="DataProviders.DataProvidersPractice" name="bookTickeTest" time="0.008"/>
  <system-out/>
  <testcase classname="DataProviders.DataProvidersPractice" name="bookTickeTest" time="0.022"/>
  <system-out/>
</testsuite> <!-- DataProviders.DataProvidersPractice -->
