<?xml version="1.0" encoding="UTF-8"?>
<!-- Generated by org.testng.reporters.JUnitReportReporter -->
<testsuite hostname="Kishore" failures="0" tests="1" name="listeners.TestClass3" time="0.006" errors="0" timestamp="2023-10-18T14:27:01 IST" skipped="0">
  <testcase classname="listeners.TestClass3" name="test3" time="0.006"/>
  <system-out/>
</testsuite> <!-- listeners.TestClass3 -->
