<?xml version="1.0" encoding="UTF-8"?>
<!-- Generated by org.testng.reporters.JUnitReportReporter -->
<testsuite hostname="Kishore" failures="0" tests="1" name="listeners.TestClass4" time="0.008" errors="0" timestamp="2023-10-18T14:27:01 IST" skipped="0">
  <testcase classname="listeners.TestClass4" name="test4" time="0.008"/>
  <system-out/>
</testsuite> <!-- listeners.TestClass4 -->
