<?xml version="1.0" encoding="UTF-8"?>
<!-- Generated by org.testng.reporters.JUnitReportReporter -->
<testsuite hostname="Kishore" failures="0" tests="1" name="testNG.TestClass" time="0.012" errors="0" timestamp="2023-10-13T14:36:02 IST" skipped="0">
  <testcase classname="testNG.TestClass" name="test1" time="0.012"/>
  <system-out/>
</testsuite> <!-- testNG.TestClass -->
